<?xml version="1.0" encoding="UTF-8"?>
<coverage generated="1585850660878" clover="3.2.0">
  <project timestamp="1585850660878" name="All files">
    <metrics statements="3" coveredstatements="3" conditionals="2" coveredconditionals="2" methods="1" coveredmethods="1" elements="6" coveredelements="6" complexity="0" loc="3" ncloc="3" packages="1" files="1" classes="1"/>
    <file name="Price.presentational.jsx" path="/Users/tommyrawle/Sites/js-tech-test/src/components/Price/Price.presentational.jsx">
      <metrics statements="3" coveredstatements="3" conditionals="2" coveredconditionals="2" methods="1" coveredmethods="1"/>
      <line num="5" count="1" type="stmt"/>
      <line num="6" count="2" type="cond" truecount="2" falsecount="0"/>
      <line num="13" count="1" type="stmt"/>
    </file>
  </project>
</coverage>
