{"/Users/tommyrawle/Sites/js-tech-test/src/components/Price/Price.presentational.jsx": {"path":"/Users/tommyrawle/Sites/js-tech-test/src/components/Price/Price.presentational.jsx","statementMap":{"0":{"start":{"line":5,"column":14},"end":{"line":11,"column":1}},"1":{"start":{"line":6,"column":2},"end":{"line":10,"column":4}},"2":{"start":{"line":13,"column":0},"end":{"line":16,"column":2}}},"fnMap":{"0":{"name":"(anonymous_0)","decl":{"start":{"line":5,"column":14},"end":{"line":5,"column":15}},"loc":{"start":{"line":5,"column":41},"end":{"line":11,"column":1}},"line":5}},"branchMap":{"0":{"loc":{"start":{"line":6,"column":9},"end":{"line":10,"column":3}},"type":"cond-expr","locations":[{"start":{"line":7,"column":4},"end":{"line":7,"column":62}},{"start":{"line":9,"column":4},"end":{"line":9,"column":71}}],"line":6}},"s":{"0":1,"1":2,"2":1},"f":{"0":2},"b":{"0":[1,1]},"_coverageSchema":"1a1c01bbd47fc00a2c39e90264f33305004495a9","hash":"fabb9b9e72401aab9836d81926740cb71fc98171"}
}
